[
  {
    "repo": "alecuba16/herdr-webui",
    "runs_total": 127,
    "runs_kept": 7,
    "runs_deleted": 0,
    "runs_failed": 120,
    "releases_total": 33,
    "releases_kept": 1,
    "releases_deleted": 32,
    "releases_failed": 0,
    "errors": [
      "run 27817661002: gh: Resource not accessible by integration (HTTP 403)",
      "run 27817660930: gh: Resource not accessible by integration (HTTP 403)",
      "run 27817760414: gh: Resource not accessible by integration (HTTP 403)",
      "run 27817760401: gh: Resource not accessible by integration (HTTP 403)",
      "run 27817759748: gh: Resource not accessible by integration (HTTP 403)",
      "run 27817763686: gh: Resource not accessible by integration (HTTP 403)",
      "run 27817763664: gh: Resource not accessible by integration (HTTP 403)",
      "run 27817763465: gh: Resource not accessible by integration (HTTP 403)",
      "run 27818099873: gh: Resource not accessible by integration (HTTP 403)",
      "run 27818099848: gh: Resource not accessible by integration (HTTP 403)",
      "run 27818100905: gh: Resource not accessible by integration (HTTP 403)",
      "run 27818101364: gh: Resource not accessible by integration (HTTP 403)",
      "run 27818198361: gh: Resource not accessible by integration (HTTP 403)",
      "run 27818198360: gh: Resource not accessible by integration (HTTP 403)",
      "run 27818201520: gh: Resource not accessible by integration (HTTP 403)",
      "run 27818201496: gh: Resource not accessible by integration (HTTP 403)",
      "run 27818303199: gh: Resource not accessible by integration (HTTP 403)",
      "run 27818303027: gh: Resource not accessible by integration (HTTP 403)",
      "run 27818305023: gh: Resource not accessible by integration (HTTP 403)",
      "run 27818340356: gh: Resource not accessible by integration (HTTP 403)",
      "run 27823098652: gh: Resource not accessible by integration (HTTP 403)",
      "run 27823869502: gh: Resource not accessible by integration (HTTP 403)",
      "run 27846403585: gh: Resource not accessible by integration (HTTP 403)",
      "run 27846408520: gh: Resource not accessible by integration (HTTP 403)",
      "run 27846562793: gh: Resource not accessible by integration (HTTP 403)",
      "run 27846577825: gh: Resource not accessible by integration (HTTP 403)",
      "run 27846680639: gh: Resource not accessible by integration (HTTP 403)",
      "run 27848167122: gh: Resource not accessible by integration (HTTP 403)",
      "run 27850313639: gh: Resource not accessible by integration (HTTP 403)",
      "run 27850390372: gh: Resource not accessible by integration (HTTP 403)",
      "run 27852816444: gh: Resource not accessible by integration (HTTP 403)",
      "run 27852817074: gh: Resource not accessible by integration (HTTP 403)",
      "run 27864847818: gh: Resource not accessible by integration (HTTP 403)",
      "run 27864854667: gh: Resource not accessible by integration (HTTP 403)",
      "run 27865105512: gh: Resource not accessible by integration (HTTP 403)",
      "run 27865912873: gh: Resource not accessible by integration (HTTP 403)",
      "run 27865913558: gh: Resource not accessible by integration (HTTP 403)",
      "run 27866532581: gh: Resource not accessible by integration (HTTP 403)",
      "run 27866532905: gh: Resource not accessible by integration (HTTP 403)",
      "run 27866836567: gh: Resource not accessible by integration (HTTP 403)",
      "run 27866838772: gh: Resource not accessible by integration (HTTP 403)",
      "run 27874342725: gh: Resource not accessible by integration (HTTP 403)",
      "run 27874363261: gh: Resource not accessible by integration (HTTP 403)",
      "run 27874753782: gh: Resource not accessible by integration (HTTP 403)",
      "run 27874775980: gh: Resource not accessible by integration (HTTP 403)",
      "run 27883233211: gh: Resource not accessible by integration (HTTP 403)",
      "run 27883235574: gh: Resource not accessible by integration (HTTP 403)",
      "run 27884151346: gh: Resource not accessible by integration (HTTP 403)",
      "run 27884198350: gh: Resource not accessible by integration (HTTP 403)",
      "run 27884242019: gh: Resource not accessible by integration (HTTP 403)",
      "run 27884320858: gh: Resource not accessible by integration (HTTP 403)",
      "run 27884633410: gh: Resource not accessible by integration (HTTP 403)",
      "run 27884679309: gh: Resource not accessible by integration (HTTP 403)",
      "run 27884727765: gh: Resource not accessible by integration (HTTP 403)",
      "run 27884918755: gh: Resource not accessible by integration (HTTP 403)",
      "run 27884936190: gh: Resource not accessible by integration (HTTP 403)",
      "run 27884970580: gh: Resource not accessible by integration (HTTP 403)",
      "run 27886065597: gh: Resource not accessible by integration (HTTP 403)",
      "run 27886141313: gh: Resource not accessible by integration (HTTP 403)",
      "run 27886157185: gh: Resource not accessible by integration (HTTP 403)",
      "run 27886706074: gh: Resource not accessible by integration (HTTP 403)",
      "run 27886738480: gh: Resource not accessible by integration (HTTP 403)",
      "run 27886744420: gh: Resource not accessible by integration (HTTP 403)",
      "run 27887098297: gh: Resource not accessible by integration (HTTP 403)",
      "run 27887119135: gh: Resource not accessible by integration (HTTP 403)",
      "run 27887129577: gh: Resource not accessible by integration (HTTP 403)",
      "run 27887797948: gh: Resource not accessible by integration (HTTP 403)",
      "run 27887817535: gh: Resource not accessible by integration (HTTP 403)",
      "run 27887831892: gh: Resource not accessible by integration (HTTP 403)",
      "run 27903677050: gh: Resource not accessible by integration (HTTP 403)",
      "run 27903682945: gh: Resource not accessible by integration (HTTP 403)",
      "run 27904150254: gh: Resource not accessible by integration (HTTP 403)",
      "run 27904152944: gh: Resource not accessible by integration (HTTP 403)",
      "run 27908455291: gh: Resource not accessible by integration (HTTP 403)",
      "run 27908459308: gh: Resource not accessible by integration (HTTP 403)",
      "run 27909542787: gh: Resource not accessible by integration (HTTP 403)",
      "run 27909691087: gh: Resource not accessible by integration (HTTP 403)",
      "run 27910338161: gh: Resource not accessible by integration (HTTP 403)",
      "run 27910367321: gh: Resource not accessible by integration (HTTP 403)",
      "run 27910368509: gh: Resource not accessible by integration (HTTP 403)",
      "run 27910422571: gh: Resource not accessible by integration (HTTP 403)",
      "run 27910423239: gh: Resource not accessible by integration (HTTP 403)",
      "run 27913727933: gh: Resource not accessible by integration (HTTP 403)",
      "run 27913728676: gh: Resource not accessible by integration (HTTP 403)",
      "run 27914053417: gh: Resource not accessible by integration (HTTP 403)",
      "run 27914107988: gh: Resource not accessible by integration (HTTP 403)",
      "run 27914118227: gh: Resource not accessible by integration (HTTP 403)",
      "run 27914506410: gh: Resource not accessible by integration (HTTP 403)",
      "run 27914507226: gh: Resource not accessible by integration (HTTP 403)",
      "run 27914962982: gh: Resource not accessible by integration (HTTP 403)",
      "run 27914963580: gh: Resource not accessible by integration (HTTP 403)",
      "run 27915594714: gh: Resource not accessible by integration (HTTP 403)",
      "run 27915595333: gh: Resource not accessible by integration (HTTP 403)",
      "run 27940103100: gh: Resource not accessible by integration (HTTP 403)",
      "run 27941809281: gh: Resource not accessible by integration (HTTP 403)",
      "run 27946718548: gh: Resource not accessible by integration (HTTP 403)",
      "run 27946965787: gh: Resource not accessible by integration (HTTP 403)",
      "run 27947364952: gh: Resource not accessible by integration (HTTP 403)",
      "run 27947366319: gh: Resource not accessible by integration (HTTP 403)",
      "run 27948668610: gh: Resource not accessible by integration (HTTP 403)",
      "run 28024657194: gh: Resource not accessible by integration (HTTP 403)",
      "run 28024659362: gh: Resource not accessible by integration (HTTP 403)",
      "run 28025466201: gh: Resource not accessible by integration (HTTP 403)",
      "run 28025465839: gh: Resource not accessible by integration (HTTP 403)",
      "run 28029101505: gh: Resource not accessible by integration (HTTP 403)",
      "run 28029102770: gh: Resource not accessible by integration (HTTP 403)",
      "run 28038048821: gh: Resource not accessible by integration (HTTP 403)",
      "run 28038052105: gh: Resource not accessible by integration (HTTP 403)",
      "run 28050272838: gh: Resource not accessible by integration (HTTP 403)",
      "run 28050277183: gh: Resource not accessible by integration (HTTP 403)",
      "run 28052598080: gh: Resource not accessible by integration (HTTP 403)",
      "run 28052600887: gh: Resource not accessible by integration (HTTP 403)",
      "run 28057301486: gh: Resource not accessible by integration (HTTP 403)",
      "run 28057303528: gh: Resource not accessible by integration (HTTP 403)",
      "run 28058063989: gh: Resource not accessible by integration (HTTP 403)",
      "run 28058065664: gh: Resource not accessible by integration (HTTP 403)",
      "run 28059533246: gh: Resource not accessible by integration (HTTP 403)",
      "run 28059535005: gh: Resource not accessible by integration (HTTP 403)",
      "run 28060162298: gh: Resource not accessible by integration (HTTP 403)",
      "run 28060165166: gh: Resource not accessible by integration (HTTP 403)"
    ]
  },
  {
    "repo": "alecuba16/businessbar",
    "runs_total": 18,
    "runs_kept": 2,
    "runs_deleted": 0,
    "runs_failed": 16,
    "releases_total": 5,
    "releases_kept": 1,
    "releases_deleted": 0,
    "releases_failed": 4,
    "errors": [
      "run 24180299647: gh: Resource not accessible by integration (HTTP 403)",
      "run 24180996288: gh: Resource not accessible by integration (HTTP 403)",
      "run 24201666294: gh: Resource not accessible by integration (HTTP 403)",
      "run 24201746835: gh: Resource not accessible by integration (HTTP 403)",
      "run 24201969434: gh: Resource not accessible by integration (HTTP 403)",
      "run 24202115301: gh: Resource not accessible by integration (HTTP 403)",
      "run 24202427684: gh: Resource not accessible by integration (HTTP 403)",
      "run 24202431225: gh: Resource not accessible by integration (HTTP 403)",
      "run 24280643463: gh: Resource not accessible by integration (HTTP 403)",
      "run 24280989550: gh: Resource not accessible by integration (HTTP 403)",
      "run 24280995285: gh: Resource not accessible by integration (HTTP 403)",
      "run 24281020295: gh: Resource not accessible by integration (HTTP 403)",
      "run 26388613425: gh: Resource not accessible by integration (HTTP 403)",
      "run 26388623770: gh: Resource not accessible by integration (HTTP 403)",
      "run 26394618810: gh: Resource not accessible by integration (HTTP 403)",
      "run 26395072421: gh: Resource not accessible by integration (HTTP 403)",
      "release v1.2.1: HTTP 403: Resource not accessible by integration (https://api.github.com/repos/alecuba16/businessbar/releases/328782735)",
      "release v1.2.0: HTTP 403: Resource not accessible by integration (https://api.github.com/repos/alecuba16/businessbar/releases/328703926)",
      "release v1.1.2: HTTP 403: Resource not accessible by integration (https://api.github.com/repos/alecuba16/businessbar/releases/307842250)",
      "release v1.1.1: HTTP 403: Resource not accessible by integration (https://api.github.com/repos/alecuba16/businessbar/releases/307175375)"
    ]
  },
  {
    "repo": "alecuba16/openwrt_microsocks_luci",
    "runs_total": 0,
    "runs_kept": 0,
    "runs_deleted": 0,
    "runs_failed": 0,
    "releases_total": 0,
    "releases_kept": 0,
    "releases_deleted": 0,
    "releases_failed": 0,
    "errors": []
  },
  {
    "repo": "alecuba16/profile",
    "runs_total": 0,
    "runs_kept": 0,
    "runs_deleted": 0,
    "runs_failed": 0,
    "releases_total": 0,
    "releases_kept": 0,
    "releases_deleted": 0,
    "releases_failed": 0,
    "errors": []
  },
  {
    "repo": "alecuba16/ner_pdf_extractor_ruby_rails",
    "runs_total": 0,
    "runs_kept": 0,
    "runs_deleted": 0,
    "runs_failed": 0,
    "releases_total": 0,
    "releases_kept": 0,
    "releases_deleted": 0,
    "releases_failed": 0,
    "errors": []
  },
  {
    "repo": "alecuba16/aws-sso-creds-default-login",
    "runs_total": 0,
    "runs_kept": 0,
    "runs_deleted": 0,
    "runs_failed": 0,
    "releases_total": 10,
    "releases_kept": 1,
    "releases_deleted": 0,
    "releases_failed": 9,
    "errors": [
      "release 1.2.10: HTTP 403: Resource not accessible by integration (https://api.github.com/repos/alecuba16/aws-sso-creds-default-login/releases/158999459)",
      "release v1.2.9: HTTP 403: Resource not accessible by integration (https://api.github.com/repos/alecuba16/aws-sso-creds-default-login/releases/80726071)",
      "release v1.2.8: HTTP 403: Resource not accessible by integration (https://api.github.com/repos/alecuba16/aws-sso-creds-default-login/releases/80725021)",
      "release v1.2.7: HTTP 403: Resource not accessible by integration (https://api.github.com/repos/alecuba16/aws-sso-creds-default-login/releases/80694956)",
      "release v1.2.6: HTTP 403: Resource not accessible by integration (https://api.github.com/repos/alecuba16/aws-sso-creds-default-login/releases/80694761)",
      "release v1.2.5: HTTP 403: Resource not accessible by integration (https://api.github.com/repos/alecuba16/aws-sso-creds-default-login/releases/80460376)",
      "release v1.2.4: HTTP 403: Resource not accessible by integration (https://api.github.com/repos/alecuba16/aws-sso-creds-default-login/releases/80452236)",
      "release v1.2.3: HTTP 403: Resource not accessible by integration (https://api.github.com/repos/alecuba16/aws-sso-creds-default-login/releases/79899409)",
      "release v1.2.2: HTTP 403: Resource not accessible by integration (https://api.github.com/repos/alecuba16/aws-sso-creds-default-login/releases/79879296)"
    ]
  },
  {
    "repo": "alecuba16/homebrew-tap",
    "runs_total": 0,
    "runs_kept": 0,
    "runs_deleted": 0,
    "runs_failed": 0,
    "releases_total": 0,
    "releases_kept": 0,
    "releases_deleted": 0,
    "releases_failed": 0,
    "errors": []
  },
  {
    "repo": "alecuba16/fuhrlander",
    "runs_total": 0,
    "runs_kept": 0,
    "runs_deleted": 0,
    "runs_failed": 0,
    "releases_total": 0,
    "releases_kept": 0,
    "releases_deleted": 0,
    "releases_failed": 0,
    "errors": []
  },
  {
    "repo": "alecuba16/docker-hbase-m1",
    "runs_total": 0,
    "runs_kept": 0,
    "runs_deleted": 0,
    "runs_failed": 0,
    "releases_total": 0,
    "releases_kept": 0,
    "releases_deleted": 0,
    "releases_failed": 0,
    "errors": []
  },
  {
    "repo": "alecuba16/go-configparser-lowercase",
    "runs_total": 0,
    "runs_kept": 0,
    "runs_deleted": 0,
    "runs_failed": 0,
    "releases_total": 0,
    "releases_kept": 0,
    "releases_deleted": 0,
    "releases_failed": 0,
    "errors": []
  },
  {
    "repo": "alecuba16/spark_aws_glue3_windows",
    "runs_total": 0,
    "runs_kept": 0,
    "runs_deleted": 0,
    "runs_failed": 0,
    "releases_total": 0,
    "releases_kept": 0,
    "releases_deleted": 0,
    "releases_failed": 0,
    "errors": []
  },
  {
    "repo": "alecuba16/jij_coding_challenge",
    "runs_total": 0,
    "runs_kept": 0,
    "runs_deleted": 0,
    "runs_failed": 0,
    "releases_total": 0,
    "releases_kept": 0,
    "releases_deleted": 0,
    "releases_failed": 0,
    "errors": []
  },
  {
    "repo": "alecuba16/mapreduce_minhash_lsh",
    "runs_total": 0,
    "runs_kept": 0,
    "runs_deleted": 0,
    "runs_failed": 0,
    "releases_total": 0,
    "releases_kept": 0,
    "releases_deleted": 0,
    "releases_failed": 0,
    "errors": []
  },
  {
    "repo": "alecuba16/helm-hbase-chart-apple-m1",
    "runs_total": 0,
    "runs_kept": 0,
    "runs_deleted": 0,
    "runs_failed": 0,
    "releases_total": 0,
    "releases_kept": 0,
    "releases_deleted": 0,
    "releases_failed": 0,
    "errors": []
  },
  {
    "repo": "alecuba16/datafusion_cdap_batch_joiner_plugin",
    "runs_total": 0,
    "runs_kept": 0,
    "runs_deleted": 0,
    "runs_failed": 0,
    "releases_total": 0,
    "releases_kept": 0,
    "releases_deleted": 0,
    "releases_failed": 0,
    "errors": []
  },
  {
    "repo": "alecuba16/datafusion_cdap_windower_plugin",
    "runs_total": 0,
    "runs_kept": 0,
    "runs_deleted": 0,
    "runs_failed": 0,
    "releases_total": 0,
    "releases_kept": 0,
    "releases_deleted": 0,
    "releases_failed": 0,
    "errors": []
  },
  {
    "repo": "alecuba16/datafusion_cdap_spark_streaming_source_plugin",
    "runs_total": 0,
    "runs_kept": 0,
    "runs_deleted": 0,
    "runs_failed": 0,
    "releases_total": 0,
    "releases_kept": 0,
    "releases_deleted": 0,
    "releases_failed": 0,
    "errors": []
  },
  {
    "repo": "alecuba16/datafusion_cdap_spark_sink_plugin",
    "runs_total": 0,
    "runs_kept": 0,
    "runs_deleted": 0,
    "runs_failed": 0,
    "releases_total": 0,
    "releases_kept": 0,
    "releases_deleted": 0,
    "releases_failed": 0,
    "errors": []
  },
  {
    "repo": "alecuba16/datafusion_cdap_spark_compute_plugin",
    "runs_total": 0,
    "runs_kept": 0,
    "runs_deleted": 0,
    "runs_failed": 0,
    "releases_total": 0,
    "releases_kept": 0,
    "releases_deleted": 0,
    "releases_failed": 0,
    "errors": []
  },
  {
    "repo": "alecuba16/datafusion_cdap_batch_aggregator_plugin",
    "runs_total": 0,
    "runs_kept": 0,
    "runs_deleted": 0,
    "runs_failed": 0,
    "releases_total": 0,
    "releases_kept": 0,
    "releases_deleted": 0,
    "releases_failed": 0,
    "errors": []
  },
  {
    "repo": "alecuba16/datafusion_cdap_alert_publisher_plugin",
    "runs_total": 0,
    "runs_kept": 0,
    "runs_deleted": 0,
    "runs_failed": 0,
    "releases_total": 0,
    "releases_kept": 0,
    "releases_deleted": 0,
    "releases_failed": 0,
    "errors": []
  },
  {
    "repo": "alecuba16/datafusion_cdap_postaction_plugin",
    "runs_total": 0,
    "runs_kept": 0,
    "runs_deleted": 0,
    "runs_failed": 0,
    "releases_total": 0,
    "releases_kept": 0,
    "releases_deleted": 0,
    "releases_failed": 0,
    "errors": []
  },
  {
    "repo": "alecuba16/datafusion_cdap_action_plugin",
    "runs_total": 0,
    "runs_kept": 0,
    "runs_deleted": 0,
    "runs_failed": 0,
    "releases_total": 0,
    "releases_kept": 0,
    "releases_deleted": 0,
    "releases_failed": 0,
    "errors": []
  },
  {
    "repo": "alecuba16/datafusion_cdap_batch_source_plugin",
    "runs_total": 0,
    "runs_kept": 0,
    "runs_deleted": 0,
    "runs_failed": 0,
    "releases_total": 0,
    "releases_kept": 0,
    "releases_deleted": 0,
    "releases_failed": 0,
    "errors": []
  },
  {
    "repo": "alecuba16/datafusion_cdap_batch_sink_plugin",
    "runs_total": 0,
    "runs_kept": 0,
    "runs_deleted": 0,
    "runs_failed": 0,
    "releases_total": 0,
    "releases_kept": 0,
    "releases_deleted": 0,
    "releases_failed": 0,
    "errors": []
  },
  {
    "repo": "alecuba16/datafusion_cdap_transformation_plugin",
    "runs_total": 0,
    "runs_kept": 0,
    "runs_deleted": 0,
    "runs_failed": 0,
    "releases_total": 0,
    "releases_kept": 0,
    "releases_deleted": 0,
    "releases_failed": 0,
    "errors": []
  },
  {
    "repo": "alecuba16/datafusion_cdap_error_transformation_plugin",
    "runs_total": 0,
    "runs_kept": 0,
    "runs_deleted": 0,
    "runs_failed": 0,
    "releases_total": 0,
    "releases_kept": 0,
    "releases_deleted": 0,
    "releases_failed": 0,
    "errors": []
  },
  {
    "repo": "alecuba16/scala_technical_test_adevinta",
    "runs_total": 0,
    "runs_kept": 0,
    "runs_deleted": 0,
    "runs_failed": 0,
    "releases_total": 0,
    "releases_kept": 0,
    "releases_deleted": 0,
    "releases_failed": 0,
    "errors": []
  },
  {
    "repo": "alecuba16/sdggroup_technical_test_spark_kafka_airflow",
    "runs_total": 0,
    "runs_kept": 0,
    "runs_deleted": 0,
    "runs_failed": 0,
    "releases_total": 0,
    "releases_kept": 0,
    "releases_deleted": 0,
    "releases_failed": 0,
    "errors": []
  },
  {
    "repo": "alecuba16/albelli_test",
    "runs_total": 0,
    "runs_kept": 0,
    "runs_deleted": 0,
    "runs_failed": 0,
    "releases_total": 0,
    "releases_kept": 0,
    "releases_deleted": 0,
    "releases_failed": 0,
    "errors": []
  },
  {
    "repo": "alecuba16/node_microservices_mongodb",
    "runs_total": 0,
    "runs_kept": 0,
    "runs_deleted": 0,
    "runs_failed": 0,
    "releases_total": 0,
    "releases_kept": 0,
    "releases_deleted": 0,
    "releases_failed": 0,
    "errors": []
  },
  {
    "repo": "alecuba16/simple_rest_microservice",
    "runs_total": 0,
    "runs_kept": 0,
    "runs_deleted": 0,
    "runs_failed": 0,
    "releases_total": 0,
    "releases_kept": 0,
    "releases_deleted": 0,
    "releases_failed": 0,
    "errors": []
  },
  {
    "repo": "alecuba16/co3_gamificationform_vue",
    "runs_total": 0,
    "runs_kept": 0,
    "runs_deleted": 0,
    "runs_failed": 0,
    "releases_total": 0,
    "releases_kept": 0,
    "releases_deleted": 0,
    "releases_failed": 0,
    "errors": []
  },
  {
    "repo": "alecuba16/spring_aspects_test",
    "runs_total": 0,
    "runs_kept": 0,
    "runs_deleted": 0,
    "runs_failed": 0,
    "releases_total": 0,
    "releases_kept": 0,
    "releases_deleted": 0,
    "releases_failed": 0,
    "errors": []
  },
  {
    "repo": "alecuba16/python_pytorch_keras_models",
    "runs_total": 0,
    "runs_kept": 0,
    "runs_deleted": 0,
    "runs_failed": 0,
    "releases_total": 0,
    "releases_kept": 0,
    "releases_deleted": 0,
    "releases_failed": 0,
    "errors": []
  },
  {
    "repo": "alecuba16/springboot_meeting_rooms_cli",
    "runs_total": 0,
    "runs_kept": 0,
    "runs_deleted": 0,
    "runs_failed": 0,
    "releases_total": 0,
    "releases_kept": 0,
    "releases_deleted": 0,
    "releases_failed": 0,
    "errors": []
  },
  {
    "repo": "alecuba16/springboot_meeting_room_reservation_test",
    "runs_total": 0,
    "runs_kept": 0,
    "runs_deleted": 0,
    "runs_failed": 0,
    "releases_total": 0,
    "releases_kept": 0,
    "releases_deleted": 0,
    "releases_failed": 0,
    "errors": []
  },
  {
    "repo": "alecuba16/SPARK_scala_stackoverflow",
    "runs_total": 0,
    "runs_kept": 0,
    "runs_deleted": 0,
    "runs_failed": 0,
    "releases_total": 0,
    "releases_kept": 0,
    "releases_deleted": 0,
    "releases_failed": 0,
    "errors": []
  },
  {
    "repo": "alecuba16/SOM_windturbine",
    "runs_total": 0,
    "runs_kept": 0,
    "runs_deleted": 0,
    "runs_failed": 0,
    "releases_total": 0,
    "releases_kept": 0,
    "releases_deleted": 0,
    "releases_failed": 0,
    "errors": []
  },
  {
    "repo": "alecuba16/PCA_windturbine",
    "runs_total": 0,
    "runs_kept": 0,
    "runs_deleted": 0,
    "runs_failed": 0,
    "releases_total": 0,
    "releases_kept": 0,
    "releases_deleted": 0,
    "releases_failed": 0,
    "errors": []
  },
  {
    "repo": "alecuba16/elm_classifier",
    "runs_total": 0,
    "runs_kept": 0,
    "runs_deleted": 0,
    "runs_failed": 0,
    "releases_total": 0,
    "releases_kept": 0,
    "releases_deleted": 0,
    "releases_failed": 0,
    "errors": []
  },
  {
    "repo": "alecuba16/entropy_based_counter_detection",
    "runs_total": 0,
    "runs_kept": 0,
    "runs_deleted": 0,
    "runs_failed": 0,
    "releases_total": 0,
    "releases_kept": 0,
    "releases_deleted": 0,
    "releases_failed": 0,
    "errors": []
  },
  {
    "repo": "alecuba16/deep_learning_lstm_text_classifier_windturbine",
    "runs_total": 0,
    "runs_kept": 0,
    "runs_deleted": 0,
    "runs_failed": 0,
    "releases_total": 0,
    "releases_kept": 0,
    "releases_deleted": 0,
    "releases_failed": 0,
    "errors": []
  },
  {
    "repo": "alecuba16/deep_learning_autoencoder_and_variatonal_autoencoder",
    "runs_total": 0,
    "runs_kept": 0,
    "runs_deleted": 0,
    "runs_failed": 0,
    "releases_total": 0,
    "releases_kept": 0,
    "releases_deleted": 0,
    "releases_failed": 0,
    "errors": []
  },
  {
    "repo": "alecuba16/deep_learning_GAN_with_windturbine_data",
    "runs_total": 0,
    "runs_kept": 0,
    "runs_deleted": 0,
    "runs_failed": 0,
    "releases_total": 0,
    "releases_kept": 0,
    "releases_deleted": 0,
    "releases_failed": 0,
    "errors": []
  },
  {
    "repo": "alecuba16/DBSCAN_clustering_windturbines",
    "runs_total": 0,
    "runs_kept": 0,
    "runs_deleted": 0,
    "runs_failed": 0,
    "releases_total": 0,
    "releases_kept": 0,
    "releases_deleted": 0,
    "releases_failed": 0,
    "errors": []
  },
  {
    "repo": "alecuba16/spur_helical_gears_gcode_generator",
    "runs_total": 0,
    "runs_kept": 0,
    "runs_deleted": 0,
    "runs_failed": 0,
    "releases_total": 4,
    "releases_kept": 1,
    "releases_deleted": 0,
    "releases_failed": 3,
    "errors": [
      "release 0.3: HTTP 403: Resource not accessible by integration (https://api.github.com/repos/alecuba16/spur_helical_gears_gcode_generator/releases/48203084)",
      "release 0.2: HTTP 403: Resource not accessible by integration (https://api.github.com/repos/alecuba16/spur_helical_gears_gcode_generator/releases/48168690)",
      "release 0.1: HTTP 403: Resource not accessible by integration (https://api.github.com/repos/alecuba16/spur_helical_gears_gcode_generator/releases/48127922)"
    ]
  },
  {
    "repo": "alecuba16/LCD_GRBL_56_axes",
    "runs_total": 0,
    "runs_kept": 0,
    "runs_deleted": 0,
    "runs_failed": 0,
    "releases_total": 0,
    "releases_kept": 0,
    "releases_deleted": 0,
    "releases_failed": 0,
    "errors": []
  },
  {
    "repo": "alecuba16/pyaehw4a1",
    "runs_total": 0,
    "runs_kept": 0,
    "runs_deleted": 0,
    "runs_failed": 0,
    "releases_total": 0,
    "releases_kept": 0,
    "releases_deleted": 0,
    "releases_failed": 0,
    "errors": []
  },
  {
    "repo": "alecuba16/appinventorBLE",
    "runs_total": 0,
    "runs_kept": 0,
    "runs_deleted": 0,
    "runs_failed": 0,
    "releases_total": 0,
    "releases_kept": 0,
    "releases_deleted": 0,
    "releases_failed": 0,
    "errors": []
  },
  {
    "repo": "alecuba16/HDGSOM",
    "runs_total": 0,
    "runs_kept": 0,
    "runs_deleted": 0,
    "runs_failed": 0,
    "releases_total": 0,
    "releases_kept": 0,
    "releases_deleted": 0,
    "releases_failed": 0,
    "errors": []
  },
  {
    "repo": "alecuba16/hisense-aeh-w4a1",
    "runs_total": 0,
    "runs_kept": 0,
    "runs_deleted": 0,
    "runs_failed": 0,
    "releases_total": 0,
    "releases_kept": 0,
    "releases_deleted": 0,
    "releases_failed": 0,
    "errors": []
  },
  {
    "repo": "alecuba16/sparta",
    "runs_total": 0,
    "runs_kept": 0,
    "runs_deleted": 0,
    "runs_failed": 0,
    "releases_total": 0,
    "releases_kept": 0,
    "releases_deleted": 0,
    "releases_failed": 0,
    "errors": []
  },
  {
    "repo": "alecuba16/ble_gattt_myo",
    "runs_total": 0,
    "runs_kept": 0,
    "runs_deleted": 0,
    "runs_failed": 0,
    "releases_total": 0,
    "releases_kept": 0,
    "releases_deleted": 0,
    "releases_failed": 0,
    "errors": []
  },
  {
    "repo": "alecuba16/binaryGAN",
    "runs_total": 0,
    "runs_kept": 0,
    "runs_deleted": 0,
    "runs_failed": 0,
    "releases_total": 0,
    "releases_kept": 0,
    "releases_deleted": 0,
    "releases_failed": 0,
    "errors": []
  },
  {
    "repo": "alecuba16/vga_passthrough_tools",
    "runs_total": 0,
    "runs_kept": 0,
    "runs_deleted": 0,
    "runs_failed": 0,
    "releases_total": 0,
    "releases_kept": 0,
    "releases_deleted": 0,
    "releases_failed": 0,
    "errors": []
  },
  {
    "repo": "alecuba16/RMySQL",
    "runs_total": 0,
    "runs_kept": 0,
    "runs_deleted": 0,
    "runs_failed": 0,
    "releases_total": 0,
    "releases_kept": 0,
    "releases_deleted": 0,
    "releases_failed": 0,
    "errors": []
  },
  {
    "repo": "alecuba16/PyTorchWindowsBinary",
    "runs_total": 0,
    "runs_kept": 0,
    "runs_deleted": 0,
    "runs_failed": 0,
    "releases_total": 0,
    "releases_kept": 0,
    "releases_deleted": 0,
    "releases_failed": 0,
    "errors": []
  },
  {
    "repo": "alecuba16/simplex_graph_parallel",
    "runs_total": 0,
    "runs_kept": 0,
    "runs_deleted": 0,
    "runs_failed": 0,
    "releases_total": 0,
    "releases_kept": 0,
    "releases_deleted": 0,
    "releases_failed": 0,
    "errors": []
  },
  {
    "repo": "alecuba16/crossplatformuvic",
    "runs_total": 0,
    "runs_kept": 0,
    "runs_deleted": 0,
    "runs_failed": 0,
    "releases_total": 0,
    "releases_kept": 0,
    "releases_deleted": 0,
    "releases_failed": 0,
    "errors": []
  },
  {
    "repo": "alecuba16/appinventorblemodule",
    "runs_total": 0,
    "runs_kept": 0,
    "runs_deleted": 0,
    "runs_failed": 0,
    "releases_total": 0,
    "releases_kept": 0,
    "releases_deleted": 0,
    "releases_failed": 0,
    "errors": []
  },
  {
    "repo": "alecuba16/MIToolbox",
    "runs_total": 0,
    "runs_kept": 0,
    "runs_deleted": 0,
    "runs_failed": 0,
    "releases_total": 0,
    "releases_kept": 0,
    "releases_deleted": 0,
    "releases_failed": 0,
    "errors": []
  },
  {
    "repo": "alecuba16/FEASTR",
    "runs_total": 0,
    "runs_kept": 0,
    "runs_deleted": 0,
    "runs_failed": 0,
    "releases_total": 0,
    "releases_kept": 0,
    "releases_deleted": 0,
    "releases_failed": 0,
    "errors": []
  },
  {
    "repo": "alecuba16/contiki-sensinode",
    "runs_total": 0,
    "runs_kept": 0,
    "runs_deleted": 0,
    "runs_failed": 0,
    "releases_total": 0,
    "releases_kept": 0,
    "releases_deleted": 0,
    "releases_failed": 0,
    "errors": []
  }
]
